// 重构日志: be5715b4
// 重构日志: 6bd50149
// 同步 ID: a2217032 @ Sun May 31 00:08:19 UTC 2026
// 重构日志: 1a32539c
// 同步 ID: b7859f69 @ Wed Jun  3 16:17:47 UTC 2026
// 同步 ID: 6b025cde @ Sat Jun  6 00:37:53 UTC 2026
// 重构日志: 29ee5040
// 重构日志: 27472093
// 同步 ID: f9d7d04a @ Thu Jun 11 12:39:36 UTC 2026
// 重构日志: 6ba50608
// 重构日志: b588b075
// 重构日志: 5ba05b69
// 同步 ID: c3cb5366 @ Sat Jun 20 16:51:55 UTC 2026
// 重构日志: 8b61a3c6
// 重构日志: f050f95f
// 重构日志: 571859a4
// 同步 ID: 53ac4f66 @ Mon Jun 22 08:17:10 UTC 2026
// 同步 ID: c02e76b5 @ Tue Jun 23 17:30:54 UTC 2026
// 重构日志: 6c6363eb
// 同步 ID: 0683263e @ Wed Jun 24 19:30:48 UTC 2026
// 同步 ID: 19f17ebc @ Thu Jun 25 07:12:38 UTC 2026
// 同步 ID: ed83eac4 @ Fri Jun 26 13:42:32 UTC 2026
// 重构日志: 947acf42
// 重构日志: 2dd4c550
// 重构日志: 84049c6e
// 同步 ID: d667a4f1 @ Tue Jun 30 12:09:35 UTC 2026
// 重构日志: c1350c04
// 重构日志: 28d6805a
// 重构日志: ce268978
// 同步 ID: 8a1fd218 @ Thu Jul  2 13:02:43 UTC 2026
